Wed Jul 11 2018 20:19:25 GMT+0530 (India Standard Time) GET /ab
Wed Jul 11 2018 20:19:29 GMT+0530 (India Standard Time) GET /about
Wed Jul 11 2018 20:19:31 GMT+0530 (India Standard Time) GET /
Wed Jul 11 2018 20:29:05 GMT+0530 (India Standard Time) GET /
Wed Jul 11 2018 20:30:20 GMT+0530 (India Standard Time) GET /
Wed Jul 11 2018 20:31:37 GMT+0530 (India Standard Time) GET /
Wed Jul 11 2018 20:31:40 GMT+0530 (India Standard Time) GET /help.html
Wed Jul 11 2018 20:31:43 GMT+0530 (India Standard Time) GET /about
Wed Jul 11 2018 20:31:48 GMT+0530 (India Standard Time) GET /
Wed Jul 11 2018 20:32:31 GMT+0530 (India Standard Time) GET /
Wed Jul 11 2018 20:32:38 GMT+0530 (India Standard Time) GET /about
Wed Jul 11 2018 20:32:46 GMT+0530 (India Standard Time) GET /help.html
Wed Jul 11 2018 20:33:06 GMT+0530 (India Standard Time) GET /help.html
Wed Jul 11 2018 20:33:10 GMT+0530 (India Standard Time) GET /
Wed Jul 11 2018 20:33:12 GMT+0530 (India Standard Time) GET /
Wed Jul 11 2018 20:33:13 GMT+0530 (India Standard Time) GET /
Wed Jul 11 2018 20:33:13 GMT+0530 (India Standard Time) GET /
Wed Jul 11 2018 20:33:14 GMT+0530 (India Standard Time) GET /
Wed Jul 11 2018 20:33:14 GMT+0530 (India Standard Time) GET /robots.txt
Wed Jul 11 2018 20:33:44 GMT+0530 (India Standard Time) GET /
Wed Jul 11 2018 20:33:46 GMT+0530 (India Standard Time) GET /
Wed Jul 11 2018 20:33:46 GMT+0530 (India Standard Time) GET /
Wed Jul 11 2018 20:33:46 GMT+0530 (India Standard Time) GET /
Wed Jul 11 2018 20:33:47 GMT+0530 (India Standard Time) GET /
Wed Jul 11 2018 20:33:47 GMT+0530 (India Standard Time) GET /
Wed Jul 11 2018 20:33:48 GMT+0530 (India Standard Time) GET /
Wed Jul 11 2018 20:33:48 GMT+0530 (India Standard Time) GET /
Wed Jul 11 2018 20:33:48 GMT+0530 (India Standard Time) GET /
Wed Jul 11 2018 20:33:49 GMT+0530 (India Standard Time) GET /
Wed Jul 11 2018 20:33:49 GMT+0530 (India Standard Time) GET /
Wed Jul 11 2018 20:33:49 GMT+0530 (India Standard Time) GET /
Wed Jul 11 2018 20:33:50 GMT+0530 (India Standard Time) GET /
Wed Jul 11 2018 20:33:50 GMT+0530 (India Standard Time) GET /
Wed Jul 11 2018 20:33:52 GMT+0530 (India Standard Time) GET /
Wed Jul 11 2018 20:34:16 GMT+0530 (India Standard Time) GET /
Wed Jul 11 2018 20:34:17 GMT+0530 (India Standard Time) GET /
Wed Jul 11 2018 20:34:17 GMT+0530 (India Standard Time) GET /
Wed Jul 11 2018 20:34:17 GMT+0530 (India Standard Time) GET /
Wed Jul 11 2018 20:34:18 GMT+0530 (India Standard Time) GET /
Wed Jul 11 2018 20:34:26 GMT+0530 (India Standard Time) GET /
Wed Jul 11 2018 20:34:27 GMT+0530 (India Standard Time) GET /
Wed Jul 11 2018 20:34:27 GMT+0530 (India Standard Time) GET /
Wed Jul 11 2018 20:34:28 GMT+0530 (India Standard Time) GET /
Wed Jul 11 2018 20:34:28 GMT+0530 (India Standard Time) GET /robots.txt
Wed Jul 11 2018 20:34:28 GMT+0530 (India Standard Time) GET /
Wed Jul 11 2018 20:34:29 GMT+0530 (India Standard Time) GET /
Wed Jul 11 2018 20:34:29 GMT+0530 (India Standard Time) GET /
Wed Jul 11 2018 20:34:29 GMT+0530 (India Standard Time) GET /
Wed Jul 11 2018 20:34:46 GMT+0530 (India Standard Time) GET /robots.txt
Wed Jul 11 2018 20:35:15 GMT+0530 (India Standard Time) GET /help.html
Wed Jul 11 2018 20:35:15 GMT+0530 (India Standard Time) GET /
Wed Jul 11 2018 20:35:15 GMT+0530 (India Standard Time) GET /
Wed Jul 11 2018 20:35:23 GMT+0530 (India Standard Time) GET /
Wed Jul 11 2018 20:35:31 GMT+0530 (India Standard Time) GET /robots.txt
Wed Jul 11 2018 21:02:30 GMT+0530 (India Standard Time) GET /
Wed Jul 11 2018 21:12:18 GMT+0530 (India Standard Time) GET /
